[17:39:56] [main/INFO]: Reloading ResourceManager: Default, bukkit
[17:39:57] [Worker-Main-4/INFO]: Loaded 7 recipes
[17:40:02] [Server thread/INFO]: Starting minecraft server version 1.16.5
[17:40:02] [Server thread/INFO]: Loading properties
[17:40:03] [Server thread/INFO]: This server is running CraftBukkit version 3096a-Spigot-9fb885e-af1a232 (MC: 1.16.5) (Implementing API version 1.16.5-R0.1-SNAPSHOT)
[17:40:04] [Server thread/INFO]: Debug logging is disabled
[17:40:04] [Server thread/INFO]: Server Ping Player Sample Count: 12
[17:40:04] [Server thread/INFO]: Using 4 threads for Netty based IO
[17:40:04] [Server thread/INFO]: Default game type: SURVIVAL
[17:40:04] [Server thread/INFO]: Generating keypair
[17:40:04] [Server thread/INFO]: Starting Minecraft server on localhost:25501
[17:40:04] [Server thread/INFO]: Using default channel type
[17:40:12] [Server thread/WARN]: Initializing Legacy Material Support. Unless you have legacy plugins and/or data this is a bug!
[17:40:24] [Server thread/WARN]: Legacy plugin KillerMoney v4.6.0 does not specify an api-version.
[17:40:24] [Server thread/INFO]: [PlasmoVoice] Loading PlasmoVoice v1.0.10
[17:40:24] [Server thread/INFO]: [Vault] Loading Vault v1.7.3-b131
[17:40:24] [Server thread/INFO]: [BungeeGuard] Loading BungeeGuard v1.2-SNAPSHOT
[17:40:24] [Server thread/INFO]: [dynmap] Loading dynmap v3.3-beta-4-617
[17:40:24] [Server thread/INFO]: [dynmap] version=3096a-Spigot-9fb885e-af1a232 (MC: 1.16.5)
[17:40:25] [Server thread/INFO]: [dynmap] Mod Support API available
[17:40:25] [Server thread/INFO]: [WorldBorder] Loading WorldBorder v2.1.5
[17:40:25] [Server thread/INFO]: [KillerMoney] Loading KillerMoney v4.6.0
[17:40:25] [Server thread/INFO]: [Essentials] Loading Essentials v2.19.4
[17:40:25] [Server thread/INFO]: [TAB] Loading TAB v2.8.8
[17:40:25] [Server thread/INFO]: [Vault] Enabling Vault v1.7.3-b131
[17:40:25] [Server thread/WARN]: [Vault] Loaded class com.earth2me.essentials.api.Economy from Essentials v2.19.4 which is not a depend, softdepend or loadbefore of this plugin.
[17:40:25] [Server thread/INFO]: [Vault] [Economy] Essentials Economy found: Waiting
[17:40:25] [Server thread/INFO]: [Vault] [Permission] SuperPermissions loaded as backup permission system.
[17:40:25] [Server thread/INFO]: [Vault] Enabled Version 1.7.3-b131
[17:40:25] [Server thread/WARN]: **** SERVER IS RUNNING IN OFFLINE/INSECURE MODE!
[17:40:25] [Server thread/WARN]: The server will make no attempt to authenticate usernames. Beware.
[17:40:25] [Server thread/WARN]: While this makes the game possible to play without internet access, it also opens up the ability for hackers to connect with any username they choose.
[17:40:25] [Server thread/WARN]: To change this, set "online-mode" to "true" in the server.properties file.
[17:40:25] [Server thread/INFO]: Preparing level "world"
[17:40:25] [Server thread/INFO]: -------- World Settings For [world] --------
[17:40:25] [Server thread/INFO]: Entity Tracking Range: Pl 48 / An 48 / Mo 48 / Mi 32 / Other 64
[17:40:25] [Server thread/INFO]: Allow Zombie Pigmen to spawn from portal blocks: true
[17:40:25] [Server thread/INFO]: Item Despawn Rate: 6000
[17:40:25] [Server thread/INFO]: Item Merge Radius: 2.5
[17:40:25] [Server thread/INFO]: View Distance: 10
[17:40:25] [Server thread/INFO]: Arrow Despawn Rate: 1200 Trident Respawn Rate:1200
[17:40:25] [Server thread/INFO]: Zombie Aggressive Towards Villager: true
[17:40:25] [Server thread/INFO]: Nerfing mobs spawned from spawners: false
[17:40:25] [Server thread/INFO]: Experience Merge Radius: 3.0
[17:40:25] [Server thread/INFO]: Hopper Transfer: 8 Hopper Check: 1 Hopper Amount: 1
[17:40:25] [Server thread/INFO]: Custom Map Seeds:  Village: 10387312 Desert: 14357617 Igloo: 14357618 Jungle: 14357619 Swamp: 14357620 Monument: 10387313 Ocean: 14357621 Shipwreck: 165745295 End City: 10387313 Slime: 987234911 Bastion: 30084232 Fortress: 30084232 Mansion: 10387319 Fossil: 14357921 Portal: 34222645
[17:40:25] [Server thread/INFO]: Entity Activation Range: An 32 / Mo 32 / Ra 48 / Mi 16 / Tiv true
[17:40:25] [Server thread/INFO]: Mob Spawn Range: 6
[17:40:25] [Server thread/INFO]: Cactus Growth Modifier: 100%
[17:40:25] [Server thread/INFO]: Cane Growth Modifier: 100%
[17:40:25] [Server thread/INFO]: Melon Growth Modifier: 100%
[17:40:25] [Server thread/INFO]: Mushroom Growth Modifier: 100%
[17:40:25] [Server thread/INFO]: Pumpkin Growth Modifier: 100%
[17:40:25] [Server thread/INFO]: Sapling Growth Modifier: 100%
[17:40:25] [Server thread/INFO]: Beetroot Growth Modifier: 100%
[17:40:25] [Server thread/INFO]: Carrot Growth Modifier: 100%
[17:40:25] [Server thread/INFO]: Potato Growth Modifier: 100%
[17:40:25] [Server thread/INFO]: Wheat Growth Modifier: 100%
[17:40:25] [Server thread/INFO]: NetherWart Growth Modifier: 100%
[17:40:25] [Server thread/INFO]: Vine Growth Modifier: 100%
[17:40:25] [Server thread/INFO]: Cocoa Growth Modifier: 100%
[17:40:25] [Server thread/INFO]: Bamboo Growth Modifier: 100%
[17:40:25] [Server thread/INFO]: SweetBerry Growth Modifier: 100%
[17:40:25] [Server thread/INFO]: Kelp Growth Modifier: 100%
[17:40:25] [Server thread/INFO]: Tile Max Tick Time: 50ms Entity max Tick Time: 50ms
[17:40:25] [Server thread/INFO]: Max TNT Explosions: 100
[17:40:25] [Server thread/INFO]: -------- World Settings For [world_nether] --------
[17:40:25] [Server thread/INFO]: Entity Tracking Range: Pl 48 / An 48 / Mo 48 / Mi 32 / Other 64
[17:40:25] [Server thread/INFO]: Allow Zombie Pigmen to spawn from portal blocks: true
[17:40:25] [Server thread/INFO]: Item Despawn Rate: 6000
[17:40:25] [Server thread/INFO]: Item Merge Radius: 2.5
[17:40:25] [Server thread/INFO]: View Distance: 10
[17:40:25] [Server thread/INFO]: Arrow Despawn Rate: 1200 Trident Respawn Rate:1200
[17:40:25] [Server thread/INFO]: Zombie Aggressive Towards Villager: true
[17:40:25] [Server thread/INFO]: Nerfing mobs spawned from spawners: false
[17:40:25] [Server thread/INFO]: Experience Merge Radius: 3.0
[17:40:25] [Server thread/INFO]: Hopper Transfer: 8 Hopper Check: 1 Hopper Amount: 1
[17:40:25] [Server thread/INFO]: Custom Map Seeds:  Village: 10387312 Desert: 14357617 Igloo: 14357618 Jungle: 14357619 Swamp: 14357620 Monument: 10387313 Ocean: 14357621 Shipwreck: 165745295 End City: 10387313 Slime: 987234911 Bastion: 30084232 Fortress: 30084232 Mansion: 10387319 Fossil: 14357921 Portal: 34222645
[17:40:25] [Server thread/INFO]: Entity Activation Range: An 32 / Mo 32 / Ra 48 / Mi 16 / Tiv true
[17:40:25] [Server thread/INFO]: Mob Spawn Range: 6
[17:40:25] [Server thread/INFO]: Cactus Growth Modifier: 100%
[17:40:25] [Server thread/INFO]: Cane Growth Modifier: 100%
[17:40:25] [Server thread/INFO]: Melon Growth Modifier: 100%
[17:40:25] [Server thread/INFO]: Mushroom Growth Modifier: 100%
[17:40:25] [Server thread/INFO]: Pumpkin Growth Modifier: 100%
[17:40:25] [Server thread/INFO]: Sapling Growth Modifier: 100%
[17:40:25] [Server thread/INFO]: Beetroot Growth Modifier: 100%
[17:40:25] [Server thread/INFO]: Carrot Growth Modifier: 100%
[17:40:25] [Server thread/INFO]: Potato Growth Modifier: 100%
[17:40:25] [Server thread/INFO]: Wheat Growth Modifier: 100%
[17:40:25] [Server thread/INFO]: NetherWart Growth Modifier: 100%
[17:40:25] [Server thread/INFO]: Vine Growth Modifier: 100%
[17:40:25] [Server thread/INFO]: Cocoa Growth Modifier: 100%
[17:40:25] [Server thread/INFO]: Bamboo Growth Modifier: 100%
[17:40:25] [Server thread/INFO]: SweetBerry Growth Modifier: 100%
[17:40:25] [Server thread/INFO]: Kelp Growth Modifier: 100%
[17:40:25] [Server thread/INFO]: Tile Max Tick Time: 50ms Entity max Tick Time: 50ms
[17:40:25] [Server thread/INFO]: Max TNT Explosions: 100
[17:40:25] [Server thread/INFO]: -------- World Settings For [world_the_end] --------
[17:40:25] [Server thread/INFO]: Entity Tracking Range: Pl 48 / An 48 / Mo 48 / Mi 32 / Other 64
[17:40:25] [Server thread/INFO]: Allow Zombie Pigmen to spawn from portal blocks: true
[17:40:25] [Server thread/INFO]: Item Despawn Rate: 6000
[17:40:25] [Server thread/INFO]: Item Merge Radius: 2.5
[17:40:25] [Server thread/INFO]: View Distance: 10
[17:40:25] [Server thread/INFO]: Arrow Despawn Rate: 1200 Trident Respawn Rate:1200
[17:40:25] [Server thread/INFO]: Zombie Aggressive Towards Villager: true
[17:40:25] [Server thread/INFO]: Nerfing mobs spawned from spawners: false
[17:40:25] [Server thread/INFO]: Experience Merge Radius: 3.0
[17:40:25] [Server thread/INFO]: Hopper Transfer: 8 Hopper Check: 1 Hopper Amount: 1
[17:40:25] [Server thread/INFO]: Custom Map Seeds:  Village: 10387312 Desert: 14357617 Igloo: 14357618 Jungle: 14357619 Swamp: 14357620 Monument: 10387313 Ocean: 14357621 Shipwreck: 165745295 End City: 10387313 Slime: 987234911 Bastion: 30084232 Fortress: 30084232 Mansion: 10387319 Fossil: 14357921 Portal: 34222645
[17:40:25] [Server thread/INFO]: Entity Activation Range: An 32 / Mo 32 / Ra 48 / Mi 16 / Tiv true
[17:40:25] [Server thread/INFO]: Mob Spawn Range: 6
[17:40:25] [Server thread/INFO]: Cactus Growth Modifier: 100%
[17:40:25] [Server thread/INFO]: Cane Growth Modifier: 100%
[17:40:25] [Server thread/INFO]: Melon Growth Modifier: 100%
[17:40:25] [Server thread/INFO]: Mushroom Growth Modifier: 100%
[17:40:25] [Server thread/INFO]: Pumpkin Growth Modifier: 100%
[17:40:25] [Server thread/INFO]: Sapling Growth Modifier: 100%
[17:40:25] [Server thread/INFO]: Beetroot Growth Modifier: 100%
[17:40:25] [Server thread/INFO]: Carrot Growth Modifier: 100%
[17:40:25] [Server thread/INFO]: Potato Growth Modifier: 100%
[17:40:25] [Server thread/INFO]: Wheat Growth Modifier: 100%
[17:40:25] [Server thread/INFO]: NetherWart Growth Modifier: 100%
[17:40:25] [Server thread/INFO]: Vine Growth Modifier: 100%
[17:40:25] [Server thread/INFO]: Cocoa Growth Modifier: 100%
[17:40:25] [Server thread/INFO]: Bamboo Growth Modifier: 100%
[17:40:25] [Server thread/INFO]: SweetBerry Growth Modifier: 100%
[17:40:25] [Server thread/INFO]: Kelp Growth Modifier: 100%
[17:40:25] [Server thread/INFO]: Tile Max Tick Time: 50ms Entity max Tick Time: 50ms
[17:40:25] [Server thread/INFO]: Max TNT Explosions: 100
[17:40:25] [Server thread/INFO]: Preparing start region for dimension minecraft:overworld
[17:40:28] [Server thread/INFO]: Preparing spawn area: 0%
[17:40:28] [Server thread/INFO]: Preparing spawn area: 0%
[17:40:28] [Server thread/INFO]: Preparing spawn area: 0%
[17:40:28] [Server thread/INFO]: Preparing spawn area: 0%
[17:40:28] [Server thread/INFO]: Preparing spawn area: 0%
[17:40:28] [Server thread/INFO]: Preparing spawn area: 0%
[17:40:29] [Server thread/INFO]: Preparing spawn area: 0%
[17:40:29] [Server thread/INFO]: Time elapsed: 3617 ms
[17:40:29] [Server thread/INFO]: Preparing start region for dimension minecraft:the_nether
[17:40:31] [Server thread/INFO]: Preparing spawn area: 0%
[17:40:31] [Server thread/INFO]: Preparing spawn area: 0%
[17:40:31] [Server thread/INFO]: Preparing spawn area: 0%
[17:40:31] [Server thread/INFO]: Preparing spawn area: 0%
[17:40:31] [Server thread/INFO]: Preparing spawn area: 0%
[17:40:32] [Worker-Main-7/INFO]: Preparing spawn area: 0%
[17:40:32] [Worker-Main-8/INFO]: Preparing spawn area: 83%
[17:40:33] [Worker-Main-8/INFO]: Preparing spawn area: 83%
[17:40:33] [Worker-Main-9/INFO]: Preparing spawn area: 83%
[17:40:33] [Worker-Main-8/INFO]: Preparing spawn area: 83%
[17:40:34] [Worker-Main-9/INFO]: Preparing spawn area: 83%
[17:40:34] [Worker-Main-9/INFO]: Preparing spawn area: 83%
[17:40:35] [Worker-Main-8/INFO]: Preparing spawn area: 83%
[17:40:35] [Worker-Main-9/INFO]: Preparing spawn area: 83%
[17:40:36] [Worker-Main-7/INFO]: Preparing spawn area: 83%
[17:40:36] [Worker-Main-8/INFO]: Preparing spawn area: 83%
[17:40:37] [Worker-Main-8/INFO]: Preparing spawn area: 83%
[17:40:37] [Worker-Main-9/INFO]: Preparing spawn area: 83%
[17:40:38] [Worker-Main-7/INFO]: Preparing spawn area: 83%
[17:40:38] [Worker-Main-7/INFO]: Preparing spawn area: 83%
[17:40:39] [Worker-Main-9/INFO]: Preparing spawn area: 83%
[17:40:39] [Worker-Main-9/INFO]: Preparing spawn area: 83%
[17:40:40] [Worker-Main-9/INFO]: Preparing spawn area: 83%
[17:40:40] [Worker-Main-8/INFO]: Preparing spawn area: 83%
[17:40:41] [Worker-Main-9/INFO]: Preparing spawn area: 83%
[17:40:41] [Worker-Main-8/INFO]: Preparing spawn area: 83%
[17:40:42] [Worker-Main-7/INFO]: Preparing spawn area: 83%
[17:40:43] [Worker-Main-8/INFO]: Preparing spawn area: 83%
[17:40:43] [Worker-Main-7/INFO]: Preparing spawn area: 83%
[17:40:44] [Worker-Main-7/INFO]: Preparing spawn area: 83%
[17:40:44] [Worker-Main-7/INFO]: Preparing spawn area: 83%
[17:40:45] [Worker-Main-8/INFO]: Preparing spawn area: 83%
[17:40:45] [Worker-Main-9/INFO]: Preparing spawn area: 83%
[17:40:46] [Worker-Main-8/INFO]: Preparing spawn area: 85%
[17:40:46] [Worker-Main-8/INFO]: Preparing spawn area: 86%
[17:40:46] [Worker-Main-8/INFO]: Preparing spawn area: 93%
[17:40:47] [Worker-Main-8/INFO]: Preparing spawn area: 93%
[17:40:48] [Server thread/INFO]: Preparing spawn area: 94%
[17:40:48] [Worker-Main-7/INFO]: Preparing spawn area: 95%
[17:40:48] [Worker-Main-9/INFO]: Preparing spawn area: 95%
[17:40:49] [Worker-Main-7/INFO]: Preparing spawn area: 95%
[17:40:49] [Worker-Main-8/INFO]: Preparing spawn area: 95%
[17:40:50] [Server thread/INFO]: Time elapsed: 20906 ms
[17:40:50] [Server thread/INFO]: Preparing start region for dimension minecraft:the_end
[17:40:51] [Server thread/INFO]: Preparing spawn area: 0%
[17:40:51] [Server thread/INFO]: Preparing spawn area: 0%
[17:40:51] [Server thread/INFO]: Preparing spawn area: 0%
[17:40:51] [Server thread/INFO]: Preparing spawn area: 0%
[17:40:52] [Worker-Main-8/INFO]: Preparing spawn area: 83%
[17:40:52] [Worker-Main-8/INFO]: Preparing spawn area: 83%
[17:40:53] [Worker-Main-8/INFO]: Preparing spawn area: 83%
[17:40:53] [Worker-Main-8/INFO]: Preparing spawn area: 83%
[17:40:54] [Worker-Main-8/INFO]: Preparing spawn area: 86%
[17:40:54] [Worker-Main-8/INFO]: Preparing spawn area: 91%
[17:40:55] [Worker-Main-8/INFO]: Preparing spawn area: 97%
[17:40:55] [Server thread/INFO]: Time elapsed: 5031 ms
[17:40:55] [Server thread/INFO]: [PlasmoVoice] Enabling PlasmoVoice v1.0.10
[17:40:55] [Server thread/INFO]: [BungeeGuard] Enabling BungeeGuard v1.2-SNAPSHOT
[17:40:55] [Thread-11/INFO]: [PlasmoVoice] Voice UDP server started on /0.0.0.0:25565
[17:40:55] [Server thread/ERROR]: [BungeeGuard] ------------------------------------------------------------
[17:40:55] [Server thread/ERROR]: [BungeeGuard] BungeeGuard is unable to listen for handshakes! The server will now shut down.
[17:40:55] [Server thread/ERROR]: [BungeeGuard] 
[17:40:55] [Server thread/ERROR]: [BungeeGuard] If your server is using 1.9.4 or newer, please upgrade to Paper - https://papermc.io
[17:40:55] [Server thread/ERROR]: [BungeeGuard] If your server is using 1.8.8 or older, please install ProtocolLib.
[17:40:55] [Server thread/ERROR]: [BungeeGuard] ------------------------------------------------------------
[17:40:55] [Server thread/INFO]: [dynmap] Enabling dynmap v3.3-beta-4-617
[17:40:56] [Server thread/INFO]: [dynmap] Using Vault provider SuperPerms for access control
[17:40:57] [Server thread/INFO]: [dynmap] Mod Support processing completed
[17:40:59] [Server thread/INFO]: [dynmap] Loaded 27 shaders.
[17:41:00] [Server thread/INFO]: [dynmap] Loaded 82 perspectives.
[17:41:00] [Server thread/INFO]: [dynmap] Loaded 22 lightings.
[17:41:00] [Server thread/INFO]: [dynmap] Starting enter/exit processing
[17:41:01] [Dynmap Render Thread/INFO]: [dynmap] Finish marker initialization
[17:41:01] [Server thread/INFO]: [dynmap] Web server started on address localhost:8123
[17:41:01] [Server thread/INFO]: [dynmap] version 3.3-beta-4-617 is enabled - core version 3.3-beta-4-617
[17:41:01] [Server thread/INFO]: [dynmap] For support, visit https://reddit.com/r/Dynmap or our Discord at https://discord.gg/s3rd5qn
[17:41:01] [Server thread/INFO]: [dynmap] To report or track bugs, visit https://github.com/webbukkit/dynmap/issues
[17:41:01] [Server thread/INFO]: [dynmap] If you'd like to donate, please visit https://www.patreon.com/dynmap or https://ko-fi.com/michaelprimm
[17:41:01] [Server thread/INFO]: [dynmap] Loaded 3 maps of world 'world'.
[17:41:01] [Server thread/INFO]: [dynmap] Loaded 2 maps of world 'world_nether'.
[17:41:01] [Server thread/INFO]: [dynmap] Loaded 2 maps of world 'world_the_end'.
[17:41:01] [Server thread/INFO]: [dynmap] Enabled
[17:41:01] [Server thread/INFO]: [WorldBorder] Enabling WorldBorder v2.1.5
[17:41:02] [Server thread/INFO]: [WorldBorder] [CONFIG] Using rectangular/square border, knockback of 3.0 blocks, and timer delay of 5.
[17:41:02] [Server thread/INFO]: [WorldBorder] [CONFIG] Border-checking timed task started.
[17:41:02] [Server thread/INFO]: [WorldBorder] [CONFIG] World "world" has border radius 20000 at X: -157,1 Z: 120,3
[17:41:02] [Server thread/INFO]: [WorldBorder] [CONFIG] Successfully hooked into DynMap for the ability to display borders.
[17:41:02] [Server thread/INFO]: [WorldBorder] For reference, the main world's spawn location is at X: -157,0 Y: 64,0 Z: 120,0
[17:41:02] [Server thread/INFO]: [KillerMoney] Enabling KillerMoney v4.6.0
[17:41:02] [Server thread/WARN]: [KillerMoney] Unknown entity type: PIG_ZOMBIE. Ignoring...
[17:41:07] [Server thread/INFO]: [Essentials] Enabling Essentials v2.19.4
[17:41:07] [Server thread/INFO]: [Essentials] You are running a server with limited API functionality. EssentialsX will still work, but certain features may be disabled.
[17:41:08] [Server thread/INFO]: Creating config from template: plugins\Essentials\config.yml
[17:41:11] [Server thread/INFO]: Creating config from template: plugins\Essentials\kits.yml
[17:41:11] [Server thread/INFO]: Attempting to convert old kits in config.yml to new kits.yml
[17:41:11] [Server thread/INFO]: No kits found to migrate.
[17:41:11] [Server thread/INFO]: [Essentials] Starting Essentials ban format conversion
[17:41:11] [Server thread/INFO]: [Essentials] Starting usermap repair
[17:41:11] [Server thread/WARN]: [Essentials] Missing userdata folder, aborting
[17:41:11] [Server thread/INFO]: Attempting to migrate ignore list to UUIDs
[17:41:11] [Server thread/INFO]: Attempting to migrate legacy userdata keys to Configurate
[17:41:11] [Server thread/INFO]: Creating config from template: plugins\Essentials\worth.yml
[17:41:11] [Server thread/INFO]: Creating config from template: plugins\Essentials\tpr.yml
[17:41:13] [Server thread/INFO]: Loaded 36926 items from items.json.
[17:41:13] [Server thread/INFO]: Creating config from template: plugins\Essentials\custom_items.yml
[17:41:13] [Server thread/INFO]: Using locale ru_RU
[17:41:13] [Server thread/INFO]: [Essentials] ServerListPingEvent: Spigot iterator API
[17:41:14] [Server thread/INFO]: [Essentials] Starting Metrics. Opt-out using the global bStats config.
[17:41:14] [Server thread/INFO]: [Vault] [Economy] Essentials Economy hooked.
[17:41:14] [Server thread/INFO]: [Essentials] Using superperms-based permissions.
[17:41:14] [Server thread/INFO]: [TAB] Enabling TAB v2.8.8
[17:41:14] [Server thread/INFO]: [0;37;22m[TAB] Server version: 1.16.5 (v1_16_R3)[m
[17:41:14] [Server thread/INFO]: [0;31;1m[TAB] File [0;33;1mplugins\TAB\errors.txt[0;31;1m exists and is not empty. Please take a look at the errors and try to correct them. You can also join our discord for assistance. After you resolve them, delete the file.[m
[17:41:15] [Server thread/INFO]: [0;33;1m[TAB] There was 1 startup warning.[m
[17:41:15] [Server thread/INFO]: [0;32;1m[TAB] Enabled in 1044ms[m
[17:41:15] [Server thread/INFO]: Server permissions file permissions.yml is empty, ignoring it
[17:41:17] [Thread-23/INFO]: [0;32;1m[TAB] Version 2.9.2 is out! Your version: 2.8.8[m
[17:41:17] [Thread-23/INFO]: [0;32;1m[TAB] Get the update at https://www.spigotmc.org/resources/83967/[m
[17:41:17] [Server thread/INFO]: Done (52.072s)! For help, type "help"
[17:41:17] [Server thread/INFO]: Stopping server
[17:41:17] [Server thread/INFO]: [TAB] Disabling TAB v2.8.8
[17:41:17] [Server thread/INFO]: [0;32;1m[TAB] Disabled in 65ms[m
[17:41:17] [Server thread/INFO]: [Essentials] Disabling Essentials v2.19.4
[17:41:17] [Server thread/INFO]: [Vault] [Economy] Essentials Economy unhooked.
[17:41:17] [Server thread/INFO]: [KillerMoney] Disabling KillerMoney v4.6.0
[17:41:17] [Server thread/INFO]: [WorldBorder] Disabling WorldBorder v2.1.5
[17:41:17] [Server thread/INFO]: [WorldBorder] [CONFIG] Border-checking timed task stopped.
[17:41:17] [Server thread/INFO]: [dynmap] Disabling dynmap v3.3-beta-4-617
[17:41:17] [Server thread/INFO]: [dynmap] Unloaded 11 components.
[17:41:17] [Server thread/INFO]: [dynmap] Stopping map renderer...
[17:41:23] [Server thread/INFO]: [dynmap] Disabled
[17:41:23] [Server thread/INFO]: [BungeeGuard] Disabling BungeeGuard v1.2-SNAPSHOT
[17:41:23] [Server thread/INFO]: [Vault] Disabling Vault v1.7.3-b131
[17:41:23] [Server thread/INFO]: [PlasmoVoice] Disabling PlasmoVoice v1.0.10
[17:41:23] [Server thread/INFO]: Saving players
[17:41:24] [Server thread/INFO]: Saving worlds
[17:41:24] [Server thread/INFO]: Saving chunks for level 'ServerLevel[world]'/minecraft:overworld
[17:41:27] [Server thread/INFO]: ThreadedAnvilChunkStorage (world): All chunks are saved
[17:41:27] [Server thread/INFO]: Saving chunks for level 'ServerLevel[world_nether]'/minecraft:the_nether
[17:41:30] [Server thread/INFO]: ThreadedAnvilChunkStorage (DIM-1): All chunks are saved
[17:41:30] [Server thread/INFO]: Saving chunks for level 'ServerLevel[world_the_end]'/minecraft:the_end
[17:41:30] [Server thread/INFO]: ThreadedAnvilChunkStorage (DIM1): All chunks are saved
[17:41:30] [Server thread/INFO]: ThreadedAnvilChunkStorage (world): All chunks are saved
[17:41:30] [Server thread/INFO]: ThreadedAnvilChunkStorage (DIM-1): All chunks are saved
[17:41:30] [Server thread/INFO]: ThreadedAnvilChunkStorage (DIM1): All chunks are saved
