[17:40:18] [main/INFO]: Environment: authHost='https://authserver.mojang.com', accountsHost='https://api.mojang.com', sessionHost='https://sessionserver.mojang.com', servicesHost='https://api.minecraftservices.com', name='PROD'
[17:40:19] [main/INFO]: Reloading ResourceManager: Default, bukkit
[17:40:28] [Worker-Main-2/INFO]: Loaded 7 recipes
[17:40:39] [Server thread/INFO]: Starting minecraft server version 1.16.5
[17:40:39] [Server thread/INFO]: Loading properties
[17:40:39] [Server thread/INFO]: This server is running Paper version git-Paper-790 (MC: 1.16.5) (Implementing API version 1.16.5-R0.1-SNAPSHOT)
[17:40:39] [Server thread/INFO]: Debug logging is disabled
[17:40:39] [Server thread/INFO]: Server Ping Player Sample Count: 12
[17:40:39] [Server thread/INFO]: Using 4 threads for Netty based IO
[17:40:39] [Server thread/INFO]: Default game type: ADVENTURE
[17:40:39] [Server thread/INFO]: Generating keypair
[17:40:40] [Server thread/INFO]: Starting Minecraft server on localhost:25500
[17:40:40] [Server thread/INFO]: Using default channel type
[17:40:46] [Server thread/WARN]: Initializing Legacy Material Support. Unless you have legacy plugins and/or data this is a bug!
[17:40:56] [Server thread/WARN]: Legacy plugin CustomHeads v3.0.3 does not specify an api-version.
[17:40:57] [Server thread/INFO]: [WorldEdit] Loading WorldEdit v7.2.11+c43a877
[17:40:58] [Server thread/INFO]: Got request to register class com.sk89q.worldedit.bukkit.BukkitServerInterface with WorldEdit [com.sk89q.worldedit.extension.platform.PlatformManager@14fc826]
[17:40:58] [Server thread/INFO]: [CustomHeads] Loading CustomHeads v3.0.3
[17:40:58] [Server thread/INFO]: [PlaceholderAPI] Loading PlaceholderAPI v2.10.10
[17:40:58] [Server thread/INFO]: [AutoMessage] Loading AutoMessage v1.0
[17:40:58] [Server thread/INFO]: [ViaVersion] Loading ViaVersion v4.0.1
[17:40:58] [Server thread/INFO]: [ViaVersion] ViaVersion 4.0.1 is now loaded, injecting!
[17:40:58] [Via-Mappingloader-0/INFO]: [ViaVersion] Loading 1.12 -> 1.13 mappings...
[17:40:58] [Via-Mappingloader-1/INFO]: [ViaVersion] Loading 1.13 -> 1.13.2 mappings...
[17:40:58] [Via-Mappingloader-3/INFO]: [ViaVersion] Loading 1.14 -> 1.15 mappings...
[17:40:58] [Via-Mappingloader-2/INFO]: [ViaVersion] Loading 1.13.2 -> 1.14 mappings...
[17:40:59] [Server thread/INFO]: [ViaBackwards] Loading ViaBackwards v4.0.1
[17:40:59] [Via-Mappingloader-6/INFO]: [ViaVersion] Loading 1.16.2 -> 1.17 mappings...
[17:40:59] [Via-Mappingloader-5/INFO]: [ViaVersion] Loading 1.16 -> 1.16.2 mappings...
[17:40:59] [Via-Mappingloader-4/INFO]: [ViaVersion] Loading 1.15 -> 1.16 mappings...
[17:40:59] [Server thread/INFO]: [ViaBackwards] Loading translations...
[17:40:59] [Via-Mappingloader-1/INFO]: [ViaBackwards] Loading 1.10 -> 1.9.4 mappings...
[17:40:59] [Via-Mappingloader-2/INFO]: [ViaBackwards] Loading 1.11 -> 1.10 mappings...
[17:40:59] [Via-Mappingloader-0/INFO]: [ViaVersion] Loading block connection mappings ...
[17:40:59] [Via-Mappingloader-4/INFO]: [ViaBackwards] Loading 1.13.2 -> 1.13 mappings...
[17:40:59] [Via-Mappingloader-6/INFO]: [ViaBackwards] Loading 1.14 -> 1.13.2 mappings...
[17:40:59] [Via-Mappingloader-6/INFO]: [ViaBackwards] Loading 1.15 -> 1.14 mappings...
[17:40:59] [Via-Mappingloader-4/INFO]: [ViaBackwards] Loading 1.16 -> 1.15 mappings...
[17:40:59] [Via-Mappingloader-5/INFO]: [ViaBackwards] Loading 1.16.2 -> 1.16 mappings...
[17:40:59] [Via-Mappingloader-6/INFO]: [ViaBackwards] Loading 1.17 -> 1.16.2 mappings...
[17:40:59] [Server thread/INFO]: [ProtocolLib] Loading ProtocolLib v4.7.0
[17:41:00] [Via-Mappingloader-4/INFO]: [ViaBackwards] Loading 1.13 -> 1.12 mappings...
[17:41:03] [Server thread/INFO]: [AdvancedPortals] Loading AdvancedPortals v0.9.2
[17:41:03] [Server thread/INFO]: [LuckPerms] Loading LuckPerms v5.3.86
[17:41:04] [Server thread/INFO]: [Citizens] Loading Citizens v2.0.29-SNAPSHOT (build 2416)
[17:41:04] [Server thread/INFO]: [ChestCommands] Loading ChestCommands v4.0.3
[17:41:04] [Server thread/INFO]: [BungeeGuard] Loading BungeeGuard v1.2-SNAPSHOT
[17:41:04] [Server thread/INFO]: [AuthMe] Loading AuthMe v5.6.0-beta2-b2453
[17:41:04] [Server thread/INFO]: [HolographicDisplays] Loading HolographicDisplays v2.4.9
[17:41:04] [Server thread/INFO]: [CitizensCMD] Loading CitizensCMD v2.5.1
[17:41:04] [Server thread/INFO]: Server permissions file permissions.yml is empty, ignoring it
[17:41:04] [Server thread/INFO]: [WorldEdit] Enabling WorldEdit v7.2.11+c43a877
[17:41:04] [Server thread/INFO]: Registering commands with com.sk89q.worldedit.bukkit.BukkitServerInterface
[17:41:04] [Server thread/INFO]: WEPIF: Using the Bukkit Permissions API.
[17:41:05] [Server thread/INFO]: Using com.sk89q.worldedit.bukkit.adapter.impl.Spigot_v1_16_R3 as the Bukkit adapter
[17:41:08] [Server thread/INFO]: [ProtocolLib] Enabling ProtocolLib v4.7.0
[17:41:08] [Server thread/INFO]: [ProtocolLib] Started structure compiler thread.
[17:41:08] [Server thread/INFO]: [LuckPerms] Enabling LuckPerms v5.3.86
[17:41:09] [Server thread/INFO]:         __    
[17:41:09] [Server thread/INFO]:   |    |__)   LuckPerms v5.3.86
[17:41:09] [Server thread/INFO]:   |___ |      Running on Bukkit - Paper
[17:41:09] [Server thread/INFO]: 
[17:41:09] [Server thread/INFO]: [LuckPerms] Loading configuration...
[17:41:10] [Server thread/INFO]: [LuckPerms] Loading storage provider... [H2]
[17:41:12] [Server thread/INFO]: [LuckPerms] Loading internal permission managers...
[17:41:12] [Server thread/INFO]: [LuckPerms] Performing initial data load...
[17:41:12] [Server thread/INFO]: [LuckPerms] Successfully enabled. (took 4731ms)
[17:41:12] [Server thread/WARN]: **** SERVER IS RUNNING IN OFFLINE/INSECURE MODE!
[17:41:12] [Server thread/WARN]: The server will make no attempt to authenticate usernames. Beware.
[17:41:12] [Server thread/WARN]: While this makes the game possible to play without internet access, it also opens up the ability for hackers to connect with any username they choose.
[17:41:12] [Server thread/WARN]: To change this, set "online-mode" to "true" in the server.properties file.
[17:41:12] [Server thread/INFO]: Preparing level "world"
[17:41:14] [Server thread/INFO]: Preparing start region for dimension minecraft:overworld
[17:41:15] [Server thread/INFO]: Time elapsed: 1647 ms
[17:41:15] [Server thread/INFO]: Preparing start region for dimension minecraft:the_end
[17:41:16] [Server thread/INFO]: Time elapsed: 161 ms
[17:41:16] [Server thread/INFO]: [CustomHeads] Enabling CustomHeads v3.0.3*
[17:41:17] [Server thread/INFO]: [CustomHeads] Warning : Hrm. Seems like CustomHeads wasn't tested on this Minecraft Version (v1_16_R3) yet...
[17:41:17] [Server thread/INFO]: [CustomHeads] Warning : Feel free to join my Discord to know when it gets updated
[17:41:17] [Server thread/INFO]: [PlaceholderAPI] Enabling PlaceholderAPI v2.10.10
[17:41:18] [Server thread/WARN]: [PlaceholderAPI] Loaded class com.viaversion.viaversion.api.type.Type from ViaVersion v4.0.1 which is not a depend, softdepend or loadbefore of this plugin.
[17:41:18] [Server thread/INFO]: [PlaceholderAPI] Fetching available expansion information...
[17:41:18] [Server thread/INFO]: [AutoMessage] Enabling AutoMessage v1.0
[17:41:18] [Server thread/INFO]: [ViaVersion] Enabling ViaVersion v4.0.1
[17:41:18] [Server thread/INFO]: [ViaBackwards] Enabling ViaBackwards v4.0.1
[17:41:18] [Server thread/INFO]: [AdvancedPortals] Enabling AdvancedPortals v0.9.2
[17:41:18] [Server thread/INFO]: [AdvancedPortals] BLOCK_PORTAL_TRAVEL found
[17:41:18] [Server thread/WARN]: [AdvancedPortals] Proxy features disabled for Advanced Portals as bungee isn't enabled on the server (spigot.yml) or if you are using Paper settings.velocity-support.enabled may not be enabled (paper.yml)
[17:41:18] [Server thread/INFO]: Advanced portals have been successfully enabled!
[17:41:18] [Server thread/INFO]: [Citizens] Enabling Citizens v2.0.29-SNAPSHOT (build 2416)
[17:41:18] [Server thread/ERROR]: [Citizens] Missing translation for system language (ru_RU): defaulting to English
[17:41:19] [Server thread/INFO]: [Citizens] Vault not found -> no economy handling.
[17:41:19] [Server thread/INFO]: [ChestCommands] Enabling ChestCommands v4.0.3
[17:41:19] [Server thread/WARN]: [ChestCommands] Couldn't find Vault and a compatible economy plugin! Money-related features will not work.
[17:41:19] [Server thread/INFO]: [ChestCommands] Hooked PlaceholderAPI
[17:41:19] [Server thread/INFO]: [BungeeGuard] Enabling BungeeGuard v1.2-SNAPSHOT
[17:41:19] [Server thread/INFO]: [BungeeGuard] Using Paper's PlayerHandshakeEvent to listen for connections.
[17:41:19] [Server thread/INFO]: [AuthMe] Enabling AuthMe v5.6.0-beta2-b2453
[17:41:20] [Server thread/INFO]: [AuthMe] SQLite Setup finished
[17:41:20] [Server thread/INFO]: [AuthMe] Hooked into LuckPerms!
[17:41:20] [Server thread/INFO]: [AuthMe] AuthMe 5.6.0-beta2 build n.2453 successfully enabled!
[17:41:20] [Server thread/INFO]: [HolographicDisplays] Enabling HolographicDisplays v2.4.9
[17:41:20] [Server thread/INFO]: [HolographicDisplays] Enabled player relative placeholders with ProtocolLib.
[17:41:20] [Server thread/INFO]: [CitizensCMD] Enabling CitizensCMD v2.5.1
[17:41:21] [Server thread/INFO]: [CitizensCMD] CitizensCMD 2.5.1 By Mateus Moreira @LichtHund
[17:41:21] [Server thread/INFO]: [CitizensCMD] Using English messages!
[17:41:21] [Server thread/INFO]: [CitizensCMD] Using PlaceholderAPI!
[17:41:21] [Server thread/INFO]: [CitizensCMD] A new version of CitizensCMD is now available:
[17:41:21] [Server thread/INFO]: [CitizensCMD] https://www.spigotmc.org/resources/30224
[17:41:23] [Server thread/INFO]: [PlaceholderAPI] Placeholder expansion registration initializing...
[17:41:23] [Server thread/INFO]: Running delayed init tasks
[17:41:23] [Server thread/INFO]: [ViaVersion] ViaVersion detected server version: 1.16.4/5 (754)
[17:41:23] [Server thread/WARN]: [ViaVersion] You are running an outdated Java version, please consider updating it to at least Java 16 (your version is 1.8.0_333). At some point in the future, ViaVersion will no longer be compatible with this version of Java.
[17:41:23] [Craft Scheduler Thread - 10/INFO]: [AuthMe] Downloading GEO IP database, because the old database is older than 30 days or doesn't exist
[17:41:23] [Craft Scheduler Thread - 10/WARN]: [AuthMe] No MaxMind credentials found in the configuration file! GeoIp protections will be disabled.
[17:41:23] [Craft Scheduler Thread - 10/INFO]: [AuthMe] There is no newer GEO IP database uploaded to MaxMind. Using the old one for now.
[17:41:23] [Craft Scheduler Thread - 10/WARN]: [AuthMe] Could not download GeoLiteAPI database [FileNotFoundException]: plugins\AuthMe\GeoLite2-Country.mmdb (Не удается найти указанный файл)
[17:41:23] [Server thread/INFO]: [Citizens] Loaded 2 NPCs.
[17:41:23] [Server thread/INFO]: No expansions were registered!
[17:41:23] [Server thread/INFO]: [ViaVersion] Finished mapping loading, shutting down loader executor!
[17:41:23] [Server thread/INFO]: [PlaceholderAPI] An update for PlaceholderAPI (v2.11.2) is available at:
[17:41:23] [Server thread/INFO]: [PlaceholderAPI] https://www.spigotmc.org/resources/placeholderapi.6245/
[17:41:23] [Server thread/INFO]: Done (44.539s)! For help, type "help"
[17:41:23] [Server thread/WARN]: [io.papermc.paper.util.PaperJvmChecker] ************************************************************
[17:41:23] [Server thread/WARN]: [io.papermc.paper.util.PaperJvmChecker] * WARNING - YOU ARE RUNNING AN OUTDATED VERSION OF JAVA.
[17:41:23] [Server thread/WARN]: [io.papermc.paper.util.PaperJvmChecker] * PAPER WILL STOP BEING COMPATIBLE WITH THIS VERSION OF
[17:41:23] [Server thread/WARN]: [io.papermc.paper.util.PaperJvmChecker] * JAVA WHEN MINECRAFT 1.17 IS RELEASED.
[17:41:23] [Server thread/WARN]: [io.papermc.paper.util.PaperJvmChecker] *
[17:41:23] [Server thread/WARN]: [io.papermc.paper.util.PaperJvmChecker] * Please update the version of Java you use to run Paper
[17:41:23] [Server thread/WARN]: [io.papermc.paper.util.PaperJvmChecker] * to at least Java 16. When Paper for Minecraft 1.17 is
[17:41:23] [Server thread/WARN]: [io.papermc.paper.util.PaperJvmChecker] * released support for versions of Java before 16 will
[17:41:23] [Server thread/WARN]: [io.papermc.paper.util.PaperJvmChecker] * be dropped.
[17:41:23] [Server thread/WARN]: [io.papermc.paper.util.PaperJvmChecker] *
[17:41:23] [Server thread/WARN]: [io.papermc.paper.util.PaperJvmChecker] * Current Java version: 1.8.0_333
[17:41:23] [Server thread/WARN]: [io.papermc.paper.util.PaperJvmChecker] *
[17:41:23] [Server thread/WARN]: [io.papermc.paper.util.PaperJvmChecker] * Check this forum post for more information: 
[17:41:23] [Server thread/WARN]: [io.papermc.paper.util.PaperJvmChecker] *   https://papermc.io/java16
[17:41:23] [Server thread/WARN]: [io.papermc.paper.util.PaperJvmChecker] ************************************************************
[17:41:23] [Server thread/INFO]: Timings Reset
[17:41:24] [Server thread/INFO]: [HolographicDisplays] Found a new version available: v3.0.0
[17:41:24] [Server thread/INFO]: [HolographicDisplays] Download it on Bukkit Dev:
[17:41:24] [Server thread/INFO]: [HolographicDisplays] dev.bukkit.org/projects/holographic-displays
[17:41:24] [Server thread/INFO]: [ProtocolLib] The updater found an update: 4.8.0 (Running 4.7.0). Download at https://www.spigotmc.org/resources/protocollib.1997/
[17:41:25] [Server thread/WARN]: [ViaVersion] There is a newer plugin version available: 4.4.1, you're on: 4.0.1
[17:41:28] [Server thread/INFO]: [?] Вы подключились к лобби. Выберите сервер для начала игры. И пройдите в один из порталов.
[17:41:43] [Server thread/INFO]: [?] Вы подключились к лобби. Выберите сервер для начала игры. И пройдите в один из порталов.
[17:41:58] [Server thread/INFO]: [?] Вы подключились к лобби. Выберите сервер для начала игры. И пройдите в один из порталов.
[17:42:13] [Server thread/INFO]: [?] Вы подключились к лобби. Выберите сервер для начала игры. И пройдите в один из порталов.
[17:42:28] [Server thread/INFO]: [?] Вы подключились к лобби. Выберите сервер для начала игры. И пройдите в один из порталов.
[17:42:43] [Server thread/INFO]: [?] Вы подключились к лобби. Выберите сервер для начала игры. И пройдите в один из порталов.
[17:42:58] [Server thread/INFO]: [?] Вы подключились к лобби. Выберите сервер для начала игры. И пройдите в один из порталов.
[17:43:13] [Server thread/INFO]: [?] Вы подключились к лобби. Выберите сервер для начала игры. И пройдите в один из порталов.
[17:43:28] [Server thread/INFO]: [?] Вы подключились к лобби. Выберите сервер для начала игры. И пройдите в один из порталов.
[17:43:43] [Server thread/INFO]: [?] Вы подключились к лобби. Выберите сервер для начала игры. И пройдите в один из порталов.
[17:43:58] [Server thread/INFO]: [?] Вы подключились к лобби. Выберите сервер для начала игры. И пройдите в один из порталов.
[17:44:13] [Server thread/INFO]: [?] Вы подключились к лобби. Выберите сервер для начала игры. И пройдите в один из порталов.
[17:44:28] [Server thread/INFO]: [?] Вы подключились к лобби. Выберите сервер для начала игры. И пройдите в один из порталов.
[17:44:43] [Server thread/INFO]: [?] Вы подключились к лобби. Выберите сервер для начала игры. И пройдите в один из порталов.
[17:44:58] [Server thread/INFO]: [?] Вы подключились к лобби. Выберите сервер для начала игры. И пройдите в один из порталов.
[17:45:13] [Server thread/INFO]: [?] Вы подключились к лобби. Выберите сервер для начала игры. И пройдите в один из порталов.
[17:45:28] [Server thread/INFO]: [?] Вы подключились к лобби. Выберите сервер для начала игры. И пройдите в один из порталов.
[17:45:43] [Server thread/INFO]: [?] Вы подключились к лобби. Выберите сервер для начала игры. И пройдите в один из порталов.
[17:45:58] [Server thread/INFO]: [?] Вы подключились к лобби. Выберите сервер для начала игры. И пройдите в один из порталов.
[17:46:13] [Server thread/INFO]: [?] Вы подключились к лобби. Выберите сервер для начала игры. И пройдите в один из порталов.
[17:46:28] [Server thread/INFO]: [?] Вы подключились к лобби. Выберите сервер для начала игры. И пройдите в один из порталов.
[17:46:43] [Server thread/INFO]: [?] Вы подключились к лобби. Выберите сервер для начала игры. И пройдите в один из порталов.
[17:46:58] [Server thread/INFO]: [?] Вы подключились к лобби. Выберите сервер для начала игры. И пройдите в один из порталов.
[17:47:13] [Server thread/INFO]: [?] Вы подключились к лобби. Выберите сервер для начала игры. И пройдите в один из порталов.
[17:47:28] [Server thread/INFO]: [?] Вы подключились к лобби. Выберите сервер для начала игры. И пройдите в один из порталов.
[17:47:43] [Server thread/INFO]: [?] Вы подключились к лобби. Выберите сервер для начала игры. И пройдите в один из порталов.
[17:47:58] [Server thread/INFO]: [?] Вы подключились к лобби. Выберите сервер для начала игры. И пройдите в один из порталов.
[17:48:13] [Server thread/INFO]: [?] Вы подключились к лобби. Выберите сервер для начала игры. И пройдите в один из порталов.
[17:48:28] [Server thread/INFO]: [?] Вы подключились к лобби. Выберите сервер для начала игры. И пройдите в один из порталов.
[17:48:43] [Server thread/INFO]: [?] Вы подключились к лобби. Выберите сервер для начала игры. И пройдите в один из порталов.
[17:48:58] [Server thread/INFO]: [?] Вы подключились к лобби. Выберите сервер для начала игры. И пройдите в один из порталов.
[17:49:13] [Server thread/INFO]: [?] Вы подключились к лобби. Выберите сервер для начала игры. И пройдите в один из порталов.
[17:49:28] [Server thread/INFO]: [?] Вы подключились к лобби. Выберите сервер для начала игры. И пройдите в один из порталов.
[17:49:43] [Server thread/INFO]: [?] Вы подключились к лобби. Выберите сервер для начала игры. И пройдите в один из порталов.
[17:49:58] [Server thread/INFO]: [?] Вы подключились к лобби. Выберите сервер для начала игры. И пройдите в один из порталов.
[17:50:13] [Server thread/INFO]: [?] Вы подключились к лобби. Выберите сервер для начала игры. И пройдите в один из порталов.
[17:50:28] [Server thread/INFO]: [?] Вы подключились к лобби. Выберите сервер для начала игры. И пройдите в один из порталов.
[17:50:43] [Server thread/INFO]: [?] Вы подключились к лобби. Выберите сервер для начала игры. И пройдите в один из порталов.
[17:50:58] [Server thread/INFO]: [?] Вы подключились к лобби. Выберите сервер для начала игры. И пройдите в один из порталов.
[17:51:13] [Server thread/INFO]: [?] Вы подключились к лобби. Выберите сервер для начала игры. И пройдите в один из порталов.
[17:51:28] [Server thread/INFO]: [?] Вы подключились к лобби. Выберите сервер для начала игры. И пройдите в один из порталов.
[17:51:43] [Server thread/INFO]: [?] Вы подключились к лобби. Выберите сервер для начала игры. И пройдите в один из порталов.
[17:51:58] [Server thread/INFO]: [?] Вы подключились к лобби. Выберите сервер для начала игры. И пройдите в один из порталов.
[17:52:13] [Server thread/INFO]: [?] Вы подключились к лобби. Выберите сервер для начала игры. И пройдите в один из порталов.
[17:52:28] [Server thread/INFO]: [?] Вы подключились к лобби. Выберите сервер для начала игры. И пройдите в один из порталов.
[17:52:43] [Server thread/INFO]: [?] Вы подключились к лобби. Выберите сервер для начала игры. И пройдите в один из порталов.
[17:52:58] [Server thread/INFO]: [?] Вы подключились к лобби. Выберите сервер для начала игры. И пройдите в один из порталов.
[17:53:13] [Server thread/INFO]: [?] Вы подключились к лобби. Выберите сервер для начала игры. И пройдите в один из порталов.
[17:53:28] [Server thread/INFO]: [?] Вы подключились к лобби. Выберите сервер для начала игры. И пройдите в один из порталов.
[17:53:43] [Server thread/INFO]: [?] Вы подключились к лобби. Выберите сервер для начала игры. И пройдите в один из порталов.
[17:53:58] [Server thread/INFO]: [?] Вы подключились к лобби. Выберите сервер для начала игры. И пройдите в один из порталов.
[17:54:13] [Server thread/INFO]: [?] Вы подключились к лобби. Выберите сервер для начала игры. И пройдите в один из порталов.
[17:54:28] [Server thread/INFO]: [?] Вы подключились к лобби. Выберите сервер для начала игры. И пройдите в один из порталов.
[17:54:43] [Server thread/INFO]: [?] Вы подключились к лобби. Выберите сервер для начала игры. И пройдите в один из порталов.
[17:54:58] [Server thread/INFO]: [?] Вы подключились к лобби. Выберите сервер для начала игры. И пройдите в один из порталов.
[17:55:13] [Server thread/INFO]: [?] Вы подключились к лобби. Выберите сервер для начала игры. И пройдите в один из порталов.
[17:55:28] [Server thread/INFO]: [?] Вы подключились к лобби. Выберите сервер для начала игры. И пройдите в один из порталов.
[17:55:43] [Server thread/INFO]: [?] Вы подключились к лобби. Выберите сервер для начала игры. И пройдите в один из порталов.
[17:55:58] [Server thread/INFO]: [?] Вы подключились к лобби. Выберите сервер для начала игры. И пройдите в один из порталов.
[17:56:13] [Server thread/INFO]: [?] Вы подключились к лобби. Выберите сервер для начала игры. И пройдите в один из порталов.
[17:56:28] [Server thread/INFO]: [?] Вы подключились к лобби. Выберите сервер для начала игры. И пройдите в один из порталов.
[17:56:43] [Server thread/INFO]: [?] Вы подключились к лобби. Выберите сервер для начала игры. И пройдите в один из порталов.
[17:56:58] [Server thread/INFO]: [?] Вы подключились к лобби. Выберите сервер для начала игры. И пройдите в один из порталов.
[17:57:13] [Server thread/INFO]: [?] Вы подключились к лобби. Выберите сервер для начала игры. И пройдите в один из порталов.
[17:57:28] [Server thread/INFO]: [?] Вы подключились к лобби. Выберите сервер для начала игры. И пройдите в один из порталов.
[17:57:43] [Server thread/INFO]: [?] Вы подключились к лобби. Выберите сервер для начала игры. И пройдите в один из порталов.
[17:57:58] [Server thread/INFO]: [?] Вы подключились к лобби. Выберите сервер для начала игры. И пройдите в один из порталов.
[17:58:13] [Server thread/INFO]: [?] Вы подключились к лобби. Выберите сервер для начала игры. И пройдите в один из порталов.
[17:58:28] [Server thread/INFO]: [?] Вы подключились к лобби. Выберите сервер для начала игры. И пройдите в один из порталов.
[17:58:43] [Server thread/INFO]: [?] Вы подключились к лобби. Выберите сервер для начала игры. И пройдите в один из порталов.
[17:58:58] [Server thread/INFO]: [?] Вы подключились к лобби. Выберите сервер для начала игры. И пройдите в один из порталов.
[17:59:13] [Server thread/INFO]: [?] Вы подключились к лобби. Выберите сервер для начала игры. И пройдите в один из порталов.
[17:59:28] [Server thread/INFO]: [?] Вы подключились к лобби. Выберите сервер для начала игры. И пройдите в один из порталов.
[17:59:43] [Server thread/INFO]: [?] Вы подключились к лобби. Выберите сервер для начала игры. И пройдите в один из порталов.
[17:59:58] [Server thread/INFO]: [?] Вы подключились к лобби. Выберите сервер для начала игры. И пройдите в один из порталов.
[18:00:13] [Server thread/INFO]: [?] Вы подключились к лобби. Выберите сервер для начала игры. И пройдите в один из порталов.
[18:00:28] [Server thread/INFO]: [?] Вы подключились к лобби. Выберите сервер для начала игры. И пройдите в один из порталов.
[18:00:43] [Server thread/INFO]: [?] Вы подключились к лобби. Выберите сервер для начала игры. И пройдите в один из порталов.
[18:00:58] [Server thread/INFO]: [?] Вы подключились к лобби. Выберите сервер для начала игры. И пройдите в один из порталов.
[18:01:13] [Server thread/INFO]: [?] Вы подключились к лобби. Выберите сервер для начала игры. И пройдите в один из порталов.
[18:01:28] [Server thread/INFO]: [?] Вы подключились к лобби. Выберите сервер для начала игры. И пройдите в один из порталов.
[18:01:43] [Server thread/INFO]: [?] Вы подключились к лобби. Выберите сервер для начала игры. И пройдите в один из порталов.
[18:01:58] [Server thread/INFO]: [?] Вы подключились к лобби. Выберите сервер для начала игры. И пройдите в один из порталов.
[18:02:13] [Server thread/INFO]: [?] Вы подключились к лобби. Выберите сервер для начала игры. И пройдите в один из порталов.
[18:02:28] [Server thread/INFO]: [?] Вы подключились к лобби. Выберите сервер для начала игры. И пройдите в один из порталов.
[18:02:43] [Server thread/INFO]: [?] Вы подключились к лобби. Выберите сервер для начала игры. И пройдите в один из порталов.
[18:02:58] [Server thread/INFO]: [?] Вы подключились к лобби. Выберите сервер для начала игры. И пройдите в один из порталов.
[18:03:13] [Server thread/INFO]: [?] Вы подключились к лобби. Выберите сервер для начала игры. И пройдите в один из порталов.
[18:03:28] [Server thread/INFO]: [?] Вы подключились к лобби. Выберите сервер для начала игры. И пройдите в один из порталов.
[18:03:43] [Server thread/INFO]: [?] Вы подключились к лобби. Выберите сервер для начала игры. И пройдите в один из порталов.
[18:03:58] [Server thread/INFO]: [?] Вы подключились к лобби. Выберите сервер для начала игры. И пройдите в один из порталов.
[18:04:13] [Server thread/INFO]: [?] Вы подключились к лобби. Выберите сервер для начала игры. И пройдите в один из порталов.
[18:04:28] [Server thread/INFO]: [?] Вы подключились к лобби. Выберите сервер для начала игры. И пройдите в один из порталов.
[18:04:43] [Server thread/INFO]: [?] Вы подключились к лобби. Выберите сервер для начала игры. И пройдите в один из порталов.
[18:04:58] [Server thread/INFO]: [?] Вы подключились к лобби. Выберите сервер для начала игры. И пройдите в один из порталов.
[18:05:13] [Server thread/INFO]: [?] Вы подключились к лобби. Выберите сервер для начала игры. И пройдите в один из порталов.
[18:05:28] [Server thread/INFO]: [?] Вы подключились к лобби. Выберите сервер для начала игры. И пройдите в один из порталов.
[18:05:43] [Server thread/INFO]: [?] Вы подключились к лобби. Выберите сервер для начала игры. И пройдите в один из порталов.
[18:05:58] [Server thread/INFO]: [?] Вы подключились к лобби. Выберите сервер для начала игры. И пройдите в один из порталов.
[18:06:13] [Server thread/INFO]: [?] Вы подключились к лобби. Выберите сервер для начала игры. И пройдите в один из порталов.
[18:06:28] [Server thread/INFO]: [?] Вы подключились к лобби. Выберите сервер для начала игры. И пройдите в один из порталов.
[18:06:43] [Server thread/INFO]: [?] Вы подключились к лобби. Выберите сервер для начала игры. И пройдите в один из порталов.
[18:06:58] [Server thread/INFO]: [?] Вы подключились к лобби. Выберите сервер для начала игры. И пройдите в один из порталов.
[18:07:13] [Server thread/INFO]: [?] Вы подключились к лобби. Выберите сервер для начала игры. И пройдите в один из порталов.
[18:07:28] [Server thread/INFO]: [?] Вы подключились к лобби. Выберите сервер для начала игры. И пройдите в один из порталов.
[18:07:43] [Server thread/INFO]: [?] Вы подключились к лобби. Выберите сервер для начала игры. И пройдите в один из порталов.
[18:07:58] [Server thread/INFO]: [?] Вы подключились к лобби. Выберите сервер для начала игры. И пройдите в один из порталов.
[18:08:13] [Server thread/INFO]: [?] Вы подключились к лобби. Выберите сервер для начала игры. И пройдите в один из порталов.
[18:08:28] [Server thread/INFO]: [?] Вы подключились к лобби. Выберите сервер для начала игры. И пройдите в один из порталов.
[18:08:43] [Server thread/INFO]: [?] Вы подключились к лобби. Выберите сервер для начала игры. И пройдите в один из порталов.
[18:08:58] [Server thread/INFO]: [?] Вы подключились к лобби. Выберите сервер для начала игры. И пройдите в один из порталов.
[18:09:13] [Server thread/INFO]: [?] Вы подключились к лобби. Выберите сервер для начала игры. И пройдите в один из порталов.
[18:09:28] [Server thread/INFO]: [?] Вы подключились к лобби. Выберите сервер для начала игры. И пройдите в один из порталов.
[18:09:43] [Server thread/INFO]: [?] Вы подключились к лобби. Выберите сервер для начала игры. И пройдите в один из порталов.
[18:09:58] [Server thread/INFO]: [?] Вы подключились к лобби. Выберите сервер для начала игры. И пройдите в один из порталов.
[18:10:13] [Server thread/INFO]: [?] Вы подключились к лобби. Выберите сервер для начала игры. И пройдите в один из порталов.
[18:10:28] [Server thread/INFO]: [?] Вы подключились к лобби. Выберите сервер для начала игры. И пройдите в один из порталов.
[18:10:43] [Server thread/INFO]: [?] Вы подключились к лобби. Выберите сервер для начала игры. И пройдите в один из порталов.
[18:10:58] [Server thread/INFO]: [?] Вы подключились к лобби. Выберите сервер для начала игры. И пройдите в один из порталов.
[18:11:13] [Server thread/INFO]: [?] Вы подключились к лобби. Выберите сервер для начала игры. И пройдите в один из порталов.
[18:11:28] [Server thread/INFO]: [?] Вы подключились к лобби. Выберите сервер для начала игры. И пройдите в один из порталов.
[18:11:43] [Server thread/INFO]: [?] Вы подключились к лобби. Выберите сервер для начала игры. И пройдите в один из порталов.
[18:11:58] [Server thread/INFO]: [?] Вы подключились к лобби. Выберите сервер для начала игры. И пройдите в один из порталов.
[18:12:13] [Server thread/INFO]: [?] Вы подключились к лобби. Выберите сервер для начала игры. И пройдите в один из порталов.
[18:12:28] [Server thread/INFO]: [?] Вы подключились к лобби. Выберите сервер для начала игры. И пройдите в один из порталов.
[18:12:43] [Server thread/INFO]: [?] Вы подключились к лобби. Выберите сервер для начала игры. И пройдите в один из порталов.
[18:12:58] [Server thread/INFO]: [?] Вы подключились к лобби. Выберите сервер для начала игры. И пройдите в один из порталов.
[18:13:13] [Server thread/INFO]: [?] Вы подключились к лобби. Выберите сервер для начала игры. И пройдите в один из порталов.
[18:13:28] [Server thread/INFO]: [?] Вы подключились к лобби. Выберите сервер для начала игры. И пройдите в один из порталов.
[18:13:43] [Server thread/INFO]: [?] Вы подключились к лобби. Выберите сервер для начала игры. И пройдите в один из порталов.
[18:13:58] [Server thread/INFO]: [?] Вы подключились к лобби. Выберите сервер для начала игры. И пройдите в один из порталов.
[18:14:13] [Server thread/INFO]: [?] Вы подключились к лобби. Выберите сервер для начала игры. И пройдите в один из порталов.
[18:14:28] [Server thread/INFO]: [?] Вы подключились к лобби. Выберите сервер для начала игры. И пройдите в один из порталов.
[18:14:43] [Server thread/INFO]: [?] Вы подключились к лобби. Выберите сервер для начала игры. И пройдите в один из порталов.
[18:14:58] [Server thread/INFO]: [?] Вы подключились к лобби. Выберите сервер для начала игры. И пройдите в один из порталов.
[18:15:13] [Server thread/INFO]: [?] Вы подключились к лобби. Выберите сервер для начала игры. И пройдите в один из порталов.
[18:15:28] [Server thread/INFO]: [?] Вы подключились к лобби. Выберите сервер для начала игры. И пройдите в один из порталов.
[18:15:43] [Server thread/INFO]: [?] Вы подключились к лобби. Выберите сервер для начала игры. И пройдите в один из порталов.
[18:15:58] [Server thread/INFO]: [?] Вы подключились к лобби. Выберите сервер для начала игры. И пройдите в один из порталов.
[18:16:13] [Server thread/INFO]: [?] Вы подключились к лобби. Выберите сервер для начала игры. И пройдите в один из порталов.
[18:16:28] [Server thread/INFO]: [?] Вы подключились к лобби. Выберите сервер для начала игры. И пройдите в один из порталов.
[18:16:43] [Server thread/INFO]: [?] Вы подключились к лобби. Выберите сервер для начала игры. И пройдите в один из порталов.
[18:16:58] [Server thread/INFO]: [?] Вы подключились к лобби. Выберите сервер для начала игры. И пройдите в один из порталов.
[18:17:13] [Server thread/INFO]: [?] Вы подключились к лобби. Выберите сервер для начала игры. И пройдите в один из порталов.
[18:17:28] [Server thread/INFO]: [?] Вы подключились к лобби. Выберите сервер для начала игры. И пройдите в один из порталов.
[18:17:43] [Server thread/INFO]: [?] Вы подключились к лобби. Выберите сервер для начала игры. И пройдите в один из порталов.
[18:17:58] [Server thread/INFO]: [?] Вы подключились к лобби. Выберите сервер для начала игры. И пройдите в один из порталов.
[18:18:13] [Server thread/INFO]: [?] Вы подключились к лобби. Выберите сервер для начала игры. И пройдите в один из порталов.
[18:18:28] [Server thread/INFO]: [?] Вы подключились к лобби. Выберите сервер для начала игры. И пройдите в один из порталов.
[18:18:43] [Server thread/INFO]: [?] Вы подключились к лобби. Выберите сервер для начала игры. И пройдите в один из порталов.
[18:18:58] [Server thread/INFO]: [?] Вы подключились к лобби. Выберите сервер для начала игры. И пройдите в один из порталов.
[18:19:13] [Server thread/INFO]: [?] Вы подключились к лобби. Выберите сервер для начала игры. И пройдите в один из порталов.
[18:19:28] [Server thread/INFO]: [?] Вы подключились к лобби. Выберите сервер для начала игры. И пройдите в один из порталов.
[18:19:43] [Server thread/INFO]: [?] Вы подключились к лобби. Выберите сервер для начала игры. И пройдите в один из порталов.
[18:19:58] [Server thread/INFO]: [?] Вы подключились к лобби. Выберите сервер для начала игры. И пройдите в один из порталов.
[18:20:13] [Server thread/INFO]: [?] Вы подключились к лобби. Выберите сервер для начала игры. И пройдите в один из порталов.
[18:20:28] [Server thread/INFO]: [?] Вы подключились к лобби. Выберите сервер для начала игры. И пройдите в один из порталов.
[18:20:43] [Server thread/INFO]: [?] Вы подключились к лобби. Выберите сервер для начала игры. И пройдите в один из порталов.
[18:20:58] [Server thread/INFO]: [?] Вы подключились к лобби. Выберите сервер для начала игры. И пройдите в один из порталов.
[18:21:13] [Server thread/INFO]: [?] Вы подключились к лобби. Выберите сервер для начала игры. И пройдите в один из порталов.
[18:21:28] [Server thread/INFO]: [?] Вы подключились к лобби. Выберите сервер для начала игры. И пройдите в один из порталов.
[18:21:43] [Server thread/INFO]: [?] Вы подключились к лобби. Выберите сервер для начала игры. И пройдите в один из порталов.
[18:21:58] [Server thread/INFO]: [?] Вы подключились к лобби. Выберите сервер для начала игры. И пройдите в один из порталов.
[18:22:13] [Server thread/INFO]: [?] Вы подключились к лобби. Выберите сервер для начала игры. И пройдите в один из порталов.
[18:22:28] [Server thread/INFO]: [?] Вы подключились к лобби. Выберите сервер для начала игры. И пройдите в один из порталов.
[18:22:43] [Server thread/INFO]: [?] Вы подключились к лобби. Выберите сервер для начала игры. И пройдите в один из порталов.
[18:22:58] [Server thread/INFO]: [?] Вы подключились к лобби. Выберите сервер для начала игры. И пройдите в один из порталов.
[18:23:13] [Server thread/INFO]: [?] Вы подключились к лобби. Выберите сервер для начала игры. И пройдите в один из порталов.
[18:23:28] [Server thread/INFO]: [?] Вы подключились к лобби. Выберите сервер для начала игры. И пройдите в один из порталов.
[18:23:43] [Server thread/INFO]: [?] Вы подключились к лобби. Выберите сервер для начала игры. И пройдите в один из порталов.
[18:23:58] [Server thread/INFO]: [?] Вы подключились к лобби. Выберите сервер для начала игры. И пройдите в один из порталов.
[18:24:13] [Server thread/INFO]: [?] Вы подключились к лобби. Выберите сервер для начала игры. И пройдите в один из порталов.
[18:24:28] [Server thread/INFO]: [?] Вы подключились к лобби. Выберите сервер для начала игры. И пройдите в один из порталов.
[18:24:43] [Server thread/INFO]: [?] Вы подключились к лобби. Выберите сервер для начала игры. И пройдите в один из порталов.
[18:24:58] [Server thread/INFO]: [?] Вы подключились к лобби. Выберите сервер для начала игры. И пройдите в один из порталов.
[18:25:13] [Server thread/INFO]: [?] Вы подключились к лобби. Выберите сервер для начала игры. И пройдите в один из порталов.
[18:25:28] [Server thread/INFO]: [?] Вы подключились к лобби. Выберите сервер для начала игры. И пройдите в один из порталов.
[18:25:43] [Server thread/INFO]: [?] Вы подключились к лобби. Выберите сервер для начала игры. И пройдите в один из порталов.
[18:25:58] [Server thread/INFO]: [?] Вы подключились к лобби. Выберите сервер для начала игры. И пройдите в один из порталов.
[18:26:13] [Server thread/INFO]: [?] Вы подключились к лобби. Выберите сервер для начала игры. И пройдите в один из порталов.
[18:26:28] [Server thread/INFO]: [?] Вы подключились к лобби. Выберите сервер для начала игры. И пройдите в один из порталов.
[18:26:43] [Server thread/INFO]: [?] Вы подключились к лобби. Выберите сервер для начала игры. И пройдите в один из порталов.
[18:26:58] [Server thread/INFO]: [?] Вы подключились к лобби. Выберите сервер для начала игры. И пройдите в один из порталов.
[18:27:13] [Server thread/INFO]: [?] Вы подключились к лобби. Выберите сервер для начала игры. И пройдите в один из порталов.
[18:27:28] [Server thread/INFO]: [?] Вы подключились к лобби. Выберите сервер для начала игры. И пройдите в один из порталов.
[18:27:43] [Server thread/INFO]: [?] Вы подключились к лобби. Выберите сервер для начала игры. И пройдите в один из порталов.
[18:27:58] [Server thread/INFO]: [?] Вы подключились к лобби. Выберите сервер для начала игры. И пройдите в один из порталов.
[18:28:13] [Server thread/INFO]: [?] Вы подключились к лобби. Выберите сервер для начала игры. И пройдите в один из порталов.
[18:28:28] [Server thread/INFO]: [?] Вы подключились к лобби. Выберите сервер для начала игры. И пройдите в один из порталов.
[18:28:43] [Server thread/INFO]: [?] Вы подключились к лобби. Выберите сервер для начала игры. И пройдите в один из порталов.
[18:28:58] [Server thread/INFO]: [?] Вы подключились к лобби. Выберите сервер для начала игры. И пройдите в один из порталов.
[18:29:13] [Server thread/INFO]: [?] Вы подключились к лобби. Выберите сервер для начала игры. И пройдите в один из порталов.
[18:29:28] [Server thread/INFO]: [?] Вы подключились к лобби. Выберите сервер для начала игры. И пройдите в один из порталов.
[18:29:43] [Server thread/INFO]: [?] Вы подключились к лобби. Выберите сервер для начала игры. И пройдите в один из порталов.
[18:29:58] [Server thread/INFO]: [?] Вы подключились к лобби. Выберите сервер для начала игры. И пройдите в один из порталов.
[18:30:13] [Server thread/INFO]: [?] Вы подключились к лобби. Выберите сервер для начала игры. И пройдите в один из порталов.
[18:30:28] [Server thread/INFO]: [?] Вы подключились к лобби. Выберите сервер для начала игры. И пройдите в один из порталов.
[18:30:43] [Server thread/INFO]: [?] Вы подключились к лобби. Выберите сервер для начала игры. И пройдите в один из порталов.
[18:30:58] [Server thread/INFO]: [?] Вы подключились к лобби. Выберите сервер для начала игры. И пройдите в один из порталов.
[18:31:13] [Server thread/INFO]: [?] Вы подключились к лобби. Выберите сервер для начала игры. И пройдите в один из порталов.
[18:31:28] [Server thread/INFO]: [?] Вы подключились к лобби. Выберите сервер для начала игры. И пройдите в один из порталов.
[18:31:43] [Server thread/INFO]: [?] Вы подключились к лобби. Выберите сервер для начала игры. И пройдите в один из порталов.
[18:31:58] [Server thread/INFO]: [?] Вы подключились к лобби. Выберите сервер для начала игры. И пройдите в один из порталов.
[18:32:13] [Server thread/INFO]: [?] Вы подключились к лобби. Выберите сервер для начала игры. И пройдите в один из порталов.
[18:32:28] [Server thread/INFO]: [?] Вы подключились к лобби. Выберите сервер для начала игры. И пройдите в один из порталов.
[18:32:43] [Server thread/INFO]: [?] Вы подключились к лобби. Выберите сервер для начала игры. И пройдите в один из порталов.
[18:32:58] [Server thread/INFO]: [?] Вы подключились к лобби. Выберите сервер для начала игры. И пройдите в один из порталов.
[18:33:13] [Server thread/INFO]: [?] Вы подключились к лобби. Выберите сервер для начала игры. И пройдите в один из порталов.
[18:33:28] [Server thread/INFO]: [?] Вы подключились к лобби. Выберите сервер для начала игры. И пройдите в один из порталов.
[18:33:43] [Server thread/INFO]: [?] Вы подключились к лобби. Выберите сервер для начала игры. И пройдите в один из порталов.
[18:33:58] [Server thread/INFO]: [?] Вы подключились к лобби. Выберите сервер для начала игры. И пройдите в один из порталов.
[18:34:13] [Server thread/INFO]: [?] Вы подключились к лобби. Выберите сервер для начала игры. И пройдите в один из порталов.
[18:34:28] [Server thread/INFO]: [?] Вы подключились к лобби. Выберите сервер для начала игры. И пройдите в один из порталов.
[18:34:43] [Server thread/INFO]: [?] Вы подключились к лобби. Выберите сервер для начала игры. И пройдите в один из порталов.
[18:34:58] [Server thread/INFO]: [?] Вы подключились к лобби. Выберите сервер для начала игры. И пройдите в один из порталов.
[18:35:13] [Server thread/INFO]: [?] Вы подключились к лобби. Выберите сервер для начала игры. И пройдите в один из порталов.
[18:35:28] [Server thread/INFO]: [?] Вы подключились к лобби. Выберите сервер для начала игры. И пройдите в один из порталов.
[18:35:43] [Server thread/INFO]: [?] Вы подключились к лобби. Выберите сервер для начала игры. И пройдите в один из порталов.
[18:35:58] [Server thread/INFO]: [?] Вы подключились к лобби. Выберите сервер для начала игры. И пройдите в один из порталов.
[18:36:13] [Server thread/INFO]: [?] Вы подключились к лобби. Выберите сервер для начала игры. И пройдите в один из порталов.
[18:36:28] [Server thread/INFO]: [?] Вы подключились к лобби. Выберите сервер для начала игры. И пройдите в один из порталов.
[18:36:43] [Server thread/INFO]: [?] Вы подключились к лобби. Выберите сервер для начала игры. И пройдите в один из порталов.
[18:36:58] [Server thread/INFO]: [?] Вы подключились к лобби. Выберите сервер для начала игры. И пройдите в один из порталов.
[18:37:13] [Server thread/INFO]: [?] Вы подключились к лобби. Выберите сервер для начала игры. И пройдите в один из порталов.
[18:37:28] [Server thread/INFO]: [?] Вы подключились к лобби. Выберите сервер для начала игры. И пройдите в один из порталов.
[18:37:43] [Server thread/INFO]: [?] Вы подключились к лобби. Выберите сервер для начала игры. И пройдите в один из порталов.
[18:37:58] [Server thread/INFO]: [?] Вы подключились к лобби. Выберите сервер для начала игры. И пройдите в один из порталов.
[18:38:13] [Server thread/INFO]: [?] Вы подключились к лобби. Выберите сервер для начала игры. И пройдите в один из порталов.
[18:38:28] [Server thread/INFO]: [?] Вы подключились к лобби. Выберите сервер для начала игры. И пройдите в один из порталов.
[18:38:43] [Server thread/INFO]: [?] Вы подключились к лобби. Выберите сервер для начала игры. И пройдите в один из порталов.
[18:38:58] [Server thread/INFO]: [?] Вы подключились к лобби. Выберите сервер для начала игры. И пройдите в один из порталов.
[18:39:13] [Server thread/INFO]: [?] Вы подключились к лобби. Выберите сервер для начала игры. И пройдите в один из порталов.
[18:39:28] [Server thread/INFO]: [?] Вы подключились к лобби. Выберите сервер для начала игры. И пройдите в один из порталов.
[18:39:43] [Server thread/INFO]: [?] Вы подключились к лобби. Выберите сервер для начала игры. И пройдите в один из порталов.
[18:39:58] [Server thread/INFO]: [?] Вы подключились к лобби. Выберите сервер для начала игры. И пройдите в один из порталов.
[18:40:13] [Server thread/INFO]: [?] Вы подключились к лобби. Выберите сервер для начала игры. И пройдите в один из порталов.
[18:40:28] [Server thread/INFO]: [?] Вы подключились к лобби. Выберите сервер для начала игры. И пройдите в один из порталов.
[18:40:43] [Server thread/INFO]: [?] Вы подключились к лобби. Выберите сервер для начала игры. И пройдите в один из порталов.
[18:40:58] [Server thread/INFO]: [?] Вы подключились к лобби. Выберите сервер для начала игры. И пройдите в один из порталов.
[18:41:13] [Server thread/INFO]: [?] Вы подключились к лобби. Выберите сервер для начала игры. И пройдите в один из порталов.
[18:41:28] [Server thread/INFO]: [?] Вы подключились к лобби. Выберите сервер для начала игры. И пройдите в один из порталов.
[18:41:43] [Server thread/INFO]: [?] Вы подключились к лобби. Выберите сервер для начала игры. И пройдите в один из порталов.
[18:41:58] [Server thread/INFO]: [?] Вы подключились к лобби. Выберите сервер для начала игры. И пройдите в один из порталов.
[18:42:13] [Server thread/INFO]: [?] Вы подключились к лобби. Выберите сервер для начала игры. И пройдите в один из порталов.
[18:42:28] [Server thread/INFO]: [?] Вы подключились к лобби. Выберите сервер для начала игры. И пройдите в один из порталов.
[18:42:43] [Server thread/INFO]: [?] Вы подключились к лобби. Выберите сервер для начала игры. И пройдите в один из порталов.
[18:42:58] [Server thread/INFO]: [?] Вы подключились к лобби. Выберите сервер для начала игры. И пройдите в один из порталов.
[18:43:13] [Server thread/INFO]: [?] Вы подключились к лобби. Выберите сервер для начала игры. И пройдите в один из порталов.
[18:43:28] [Server thread/INFO]: [?] Вы подключились к лобби. Выберите сервер для начала игры. И пройдите в один из порталов.
[18:43:43] [Server thread/INFO]: [?] Вы подключились к лобби. Выберите сервер для начала игры. И пройдите в один из порталов.
[18:43:58] [Server thread/INFO]: [?] Вы подключились к лобби. Выберите сервер для начала игры. И пройдите в один из порталов.
[18:44:13] [Server thread/INFO]: [?] Вы подключились к лобби. Выберите сервер для начала игры. И пройдите в один из порталов.
[18:44:28] [Server thread/INFO]: [?] Вы подключились к лобби. Выберите сервер для начала игры. И пройдите в один из порталов.
[18:44:43] [Server thread/INFO]: [?] Вы подключились к лобби. Выберите сервер для начала игры. И пройдите в один из порталов.
[18:44:58] [Server thread/INFO]: [?] Вы подключились к лобби. Выберите сервер для начала игры. И пройдите в один из порталов.
[18:45:13] [Server thread/INFO]: [?] Вы подключились к лобби. Выберите сервер для начала игры. И пройдите в один из порталов.
[18:45:28] [Server thread/INFO]: [?] Вы подключились к лобби. Выберите сервер для начала игры. И пройдите в один из порталов.
[18:45:43] [Server thread/INFO]: [?] Вы подключились к лобби. Выберите сервер для начала игры. И пройдите в один из порталов.
[18:45:58] [Server thread/INFO]: [?] Вы подключились к лобби. Выберите сервер для начала игры. И пройдите в один из порталов.
[18:46:13] [Server thread/INFO]: [?] Вы подключились к лобби. Выберите сервер для начала игры. И пройдите в один из порталов.
[18:46:28] [Server thread/INFO]: [?] Вы подключились к лобби. Выберите сервер для начала игры. И пройдите в один из порталов.
[18:46:43] [Server thread/INFO]: [?] Вы подключились к лобби. Выберите сервер для начала игры. И пройдите в один из порталов.
[18:46:58] [Server thread/INFO]: [?] Вы подключились к лобби. Выберите сервер для начала игры. И пройдите в один из порталов.
[18:47:13] [Server thread/INFO]: [?] Вы подключились к лобби. Выберите сервер для начала игры. И пройдите в один из порталов.
[18:47:28] [Server thread/INFO]: [?] Вы подключились к лобби. Выберите сервер для начала игры. И пройдите в один из порталов.
[18:47:43] [Server thread/INFO]: [?] Вы подключились к лобби. Выберите сервер для начала игры. И пройдите в один из порталов.
[18:47:58] [Server thread/INFO]: [?] Вы подключились к лобби. Выберите сервер для начала игры. И пройдите в один из порталов.
[18:48:13] [Server thread/INFO]: [?] Вы подключились к лобби. Выберите сервер для начала игры. И пройдите в один из порталов.
[18:48:28] [Server thread/INFO]: [?] Вы подключились к лобби. Выберите сервер для начала игры. И пройдите в один из порталов.
[18:48:43] [Server thread/INFO]: [?] Вы подключились к лобби. Выберите сервер для начала игры. И пройдите в один из порталов.
[18:48:58] [Server thread/INFO]: [?] Вы подключились к лобби. Выберите сервер для начала игры. И пройдите в один из порталов.
[18:49:13] [Server thread/INFO]: [?] Вы подключились к лобби. Выберите сервер для начала игры. И пройдите в один из порталов.
[18:49:28] [Server thread/INFO]: [?] Вы подключились к лобби. Выберите сервер для начала игры. И пройдите в один из порталов.
[18:49:43] [Server thread/INFO]: [?] Вы подключились к лобби. Выберите сервер для начала игры. И пройдите в один из порталов.
[18:49:58] [Server thread/INFO]: [?] Вы подключились к лобби. Выберите сервер для начала игры. И пройдите в один из порталов.
[18:50:13] [Server thread/INFO]: [?] Вы подключились к лобби. Выберите сервер для начала игры. И пройдите в один из порталов.
[18:50:28] [Server thread/INFO]: [?] Вы подключились к лобби. Выберите сервер для начала игры. И пройдите в один из порталов.
[18:50:43] [Server thread/INFO]: [?] Вы подключились к лобби. Выберите сервер для начала игры. И пройдите в один из порталов.
[18:50:58] [Server thread/INFO]: [?] Вы подключились к лобби. Выберите сервер для начала игры. И пройдите в один из порталов.
[18:51:13] [Server thread/INFO]: [?] Вы подключились к лобби. Выберите сервер для начала игры. И пройдите в один из порталов.
[18:51:28] [Server thread/INFO]: [?] Вы подключились к лобби. Выберите сервер для начала игры. И пройдите в один из порталов.
[18:51:43] [Server thread/INFO]: [?] Вы подключились к лобби. Выберите сервер для начала игры. И пройдите в один из порталов.
[18:51:58] [Server thread/INFO]: [?] Вы подключились к лобби. Выберите сервер для начала игры. И пройдите в один из порталов.
[18:52:13] [Server thread/INFO]: [?] Вы подключились к лобби. Выберите сервер для начала игры. И пройдите в один из порталов.
[18:52:28] [Server thread/INFO]: [?] Вы подключились к лобби. Выберите сервер для начала игры. И пройдите в один из порталов.
[18:52:43] [Server thread/INFO]: [?] Вы подключились к лобби. Выберите сервер для начала игры. И пройдите в один из порталов.
[18:52:58] [Server thread/INFO]: [?] Вы подключились к лобби. Выберите сервер для начала игры. И пройдите в один из порталов.
[18:53:13] [Server thread/INFO]: [?] Вы подключились к лобби. Выберите сервер для начала игры. И пройдите в один из порталов.
[18:53:28] [Server thread/INFO]: [?] Вы подключились к лобби. Выберите сервер для начала игры. И пройдите в один из порталов.
[18:53:43] [Server thread/INFO]: [?] Вы подключились к лобби. Выберите сервер для начала игры. И пройдите в один из порталов.
[18:53:58] [Server thread/INFO]: [?] Вы подключились к лобби. Выберите сервер для начала игры. И пройдите в один из порталов.
[18:54:13] [Server thread/INFO]: [?] Вы подключились к лобби. Выберите сервер для начала игры. И пройдите в один из порталов.
[18:54:28] [Server thread/INFO]: [?] Вы подключились к лобби. Выберите сервер для начала игры. И пройдите в один из порталов.
[18:54:43] [Server thread/INFO]: [?] Вы подключились к лобби. Выберите сервер для начала игры. И пройдите в один из порталов.
[18:54:58] [Server thread/INFO]: [?] Вы подключились к лобби. Выберите сервер для начала игры. И пройдите в один из порталов.
[18:55:13] [Server thread/INFO]: [?] Вы подключились к лобби. Выберите сервер для начала игры. И пройдите в один из порталов.
[18:55:28] [Server thread/INFO]: [?] Вы подключились к лобби. Выберите сервер для начала игры. И пройдите в один из порталов.
[18:55:43] [Server thread/INFO]: [?] Вы подключились к лобби. Выберите сервер для начала игры. И пройдите в один из порталов.
[18:55:58] [Server thread/INFO]: [?] Вы подключились к лобби. Выберите сервер для начала игры. И пройдите в один из порталов.
[18:56:13] [Server thread/INFO]: [?] Вы подключились к лобби. Выберите сервер для начала игры. И пройдите в один из порталов.
[18:56:28] [Server thread/INFO]: [?] Вы подключились к лобби. Выберите сервер для начала игры. И пройдите в один из порталов.
[18:56:43] [Server thread/INFO]: [?] Вы подключились к лобби. Выберите сервер для начала игры. И пройдите в один из порталов.
[18:56:58] [Server thread/INFO]: [?] Вы подключились к лобби. Выберите сервер для начала игры. И пройдите в один из порталов.
[18:57:13] [Server thread/INFO]: [?] Вы подключились к лобби. Выберите сервер для начала игры. И пройдите в один из порталов.
[18:57:28] [Server thread/INFO]: [?] Вы подключились к лобби. Выберите сервер для начала игры. И пройдите в один из порталов.
[18:57:43] [Server thread/INFO]: [?] Вы подключились к лобби. Выберите сервер для начала игры. И пройдите в один из порталов.
[18:57:58] [Server thread/INFO]: [?] Вы подключились к лобби. Выберите сервер для начала игры. И пройдите в один из порталов.
[18:58:13] [Server thread/INFO]: [?] Вы подключились к лобби. Выберите сервер для начала игры. И пройдите в один из порталов.
[18:58:28] [Server thread/INFO]: [?] Вы подключились к лобби. Выберите сервер для начала игры. И пройдите в один из порталов.
[18:58:43] [Server thread/INFO]: [?] Вы подключились к лобби. Выберите сервер для начала игры. И пройдите в один из порталов.
[18:58:58] [Server thread/INFO]: [?] Вы подключились к лобби. Выберите сервер для начала игры. И пройдите в один из порталов.
[18:59:13] [Server thread/INFO]: [?] Вы подключились к лобби. Выберите сервер для начала игры. И пройдите в один из порталов.
[18:59:28] [Server thread/INFO]: [?] Вы подключились к лобби. Выберите сервер для начала игры. И пройдите в один из порталов.
[18:59:43] [Server thread/INFO]: [?] Вы подключились к лобби. Выберите сервер для начала игры. И пройдите в один из порталов.
[18:59:58] [Server thread/INFO]: [?] Вы подключились к лобби. Выберите сервер для начала игры. И пройдите в один из порталов.
[19:00:13] [Server thread/INFO]: [?] Вы подключились к лобби. Выберите сервер для начала игры. И пройдите в один из порталов.
[19:00:28] [Server thread/INFO]: [?] Вы подключились к лобби. Выберите сервер для начала игры. И пройдите в один из порталов.
[19:00:43] [Server thread/INFO]: [?] Вы подключились к лобби. Выберите сервер для начала игры. И пройдите в один из порталов.
[19:00:58] [Server thread/INFO]: [?] Вы подключились к лобби. Выберите сервер для начала игры. И пройдите в один из порталов.
[19:01:13] [Server thread/INFO]: [?] Вы подключились к лобби. Выберите сервер для начала игры. И пройдите в один из порталов.
[19:01:28] [Server thread/INFO]: [?] Вы подключились к лобби. Выберите сервер для начала игры. И пройдите в один из порталов.
[19:01:43] [Server thread/INFO]: [?] Вы подключились к лобби. Выберите сервер для начала игры. И пройдите в один из порталов.
[19:01:58] [Server thread/INFO]: [?] Вы подключились к лобби. Выберите сервер для начала игры. И пройдите в один из порталов.
[19:02:13] [Server thread/INFO]: [?] Вы подключились к лобби. Выберите сервер для начала игры. И пройдите в один из порталов.
[19:02:28] [Server thread/INFO]: [?] Вы подключились к лобби. Выберите сервер для начала игры. И пройдите в один из порталов.
[19:02:43] [Server thread/INFO]: [?] Вы подключились к лобби. Выберите сервер для начала игры. И пройдите в один из порталов.
[19:02:58] [Server thread/INFO]: [?] Вы подключились к лобби. Выберите сервер для начала игры. И пройдите в один из порталов.
[19:03:13] [Server thread/INFO]: [?] Вы подключились к лобби. Выберите сервер для начала игры. И пройдите в один из порталов.
[19:03:28] [Server thread/INFO]: [?] Вы подключились к лобби. Выберите сервер для начала игры. И пройдите в один из порталов.
[19:03:43] [Server thread/INFO]: [?] Вы подключились к лобби. Выберите сервер для начала игры. И пройдите в один из порталов.
[19:03:58] [Server thread/INFO]: [?] Вы подключились к лобби. Выберите сервер для начала игры. И пройдите в один из порталов.
[19:04:13] [Server thread/INFO]: [?] Вы подключились к лобби. Выберите сервер для начала игры. И пройдите в один из порталов.
[19:04:28] [Server thread/INFO]: [?] Вы подключились к лобби. Выберите сервер для начала игры. И пройдите в один из порталов.
[19:04:43] [Server thread/INFO]: [?] Вы подключились к лобби. Выберите сервер для начала игры. И пройдите в один из порталов.
[19:04:58] [Server thread/INFO]: [?] Вы подключились к лобби. Выберите сервер для начала игры. И пройдите в один из порталов.
[19:05:13] [Server thread/INFO]: [?] Вы подключились к лобби. Выберите сервер для начала игры. И пройдите в один из порталов.
[19:05:28] [Server thread/INFO]: [?] Вы подключились к лобби. Выберите сервер для начала игры. И пройдите в один из порталов.
[19:05:43] [Server thread/INFO]: [?] Вы подключились к лобби. Выберите сервер для начала игры. И пройдите в один из порталов.
[19:05:58] [Server thread/INFO]: [?] Вы подключились к лобби. Выберите сервер для начала игры. И пройдите в один из порталов.
[19:06:13] [Server thread/INFO]: [?] Вы подключились к лобби. Выберите сервер для начала игры. И пройдите в один из порталов.
[19:06:28] [Server thread/INFO]: [?] Вы подключились к лобби. Выберите сервер для начала игры. И пройдите в один из порталов.
[19:06:43] [Server thread/INFO]: [?] Вы подключились к лобби. Выберите сервер для начала игры. И пройдите в один из порталов.
[19:06:58] [Server thread/INFO]: [?] Вы подключились к лобби. Выберите сервер для начала игры. И пройдите в один из порталов.
[19:07:13] [Server thread/INFO]: [?] Вы подключились к лобби. Выберите сервер для начала игры. И пройдите в один из порталов.
[19:07:28] [Server thread/INFO]: [?] Вы подключились к лобби. Выберите сервер для начала игры. И пройдите в один из порталов.
[19:07:43] [Server thread/INFO]: [?] Вы подключились к лобби. Выберите сервер для начала игры. И пройдите в один из порталов.
[19:07:58] [Server thread/INFO]: [?] Вы подключились к лобби. Выберите сервер для начала игры. И пройдите в один из порталов.
[19:08:13] [Server thread/INFO]: [?] Вы подключились к лобби. Выберите сервер для начала игры. И пройдите в один из порталов.
[19:08:28] [Server thread/INFO]: [?] Вы подключились к лобби. Выберите сервер для начала игры. И пройдите в один из порталов.
[19:08:43] [Server thread/INFO]: [?] Вы подключились к лобби. Выберите сервер для начала игры. И пройдите в один из порталов.
[19:08:58] [Server thread/INFO]: [?] Вы подключились к лобби. Выберите сервер для начала игры. И пройдите в один из порталов.
[19:09:13] [Server thread/INFO]: [?] Вы подключились к лобби. Выберите сервер для начала игры. И пройдите в один из порталов.
[19:09:28] [Server thread/INFO]: [?] Вы подключились к лобби. Выберите сервер для начала игры. И пройдите в один из порталов.
[19:09:43] [Server thread/INFO]: [?] Вы подключились к лобби. Выберите сервер для начала игры. И пройдите в один из порталов.
[19:09:58] [Server thread/INFO]: [?] Вы подключились к лобби. Выберите сервер для начала игры. И пройдите в один из порталов.
[19:10:13] [Server thread/INFO]: [?] Вы подключились к лобби. Выберите сервер для начала игры. И пройдите в один из порталов.
[19:10:28] [Server thread/INFO]: [?] Вы подключились к лобби. Выберите сервер для начала игры. И пройдите в один из порталов.
[19:10:43] [Server thread/INFO]: [?] Вы подключились к лобби. Выберите сервер для начала игры. И пройдите в один из порталов.
[19:10:58] [Server thread/INFO]: [?] Вы подключились к лобби. Выберите сервер для начала игры. И пройдите в один из порталов.
[19:11:13] [Server thread/INFO]: [?] Вы подключились к лобби. Выберите сервер для начала игры. И пройдите в один из порталов.
[19:11:28] [Server thread/INFO]: [?] Вы подключились к лобби. Выберите сервер для начала игры. И пройдите в один из порталов.
[19:11:43] [Server thread/INFO]: [?] Вы подключились к лобби. Выберите сервер для начала игры. И пройдите в один из порталов.
[19:11:58] [Server thread/INFO]: [?] Вы подключились к лобби. Выберите сервер для начала игры. И пройдите в один из порталов.
[19:12:13] [Server thread/INFO]: [?] Вы подключились к лобби. Выберите сервер для начала игры. И пройдите в один из порталов.
[19:12:28] [Server thread/INFO]: [?] Вы подключились к лобби. Выберите сервер для начала игры. И пройдите в один из порталов.
[19:12:43] [Server thread/INFO]: [?] Вы подключились к лобби. Выберите сервер для начала игры. И пройдите в один из порталов.
[19:12:58] [Server thread/INFO]: [?] Вы подключились к лобби. Выберите сервер для начала игры. И пройдите в один из порталов.
[19:13:13] [Server thread/INFO]: [?] Вы подключились к лобби. Выберите сервер для начала игры. И пройдите в один из порталов.
[19:13:28] [Server thread/INFO]: [?] Вы подключились к лобби. Выберите сервер для начала игры. И пройдите в один из порталов.
[19:13:43] [Server thread/INFO]: [?] Вы подключились к лобби. Выберите сервер для начала игры. И пройдите в один из порталов.
[19:13:58] [Server thread/INFO]: [?] Вы подключились к лобби. Выберите сервер для начала игры. И пройдите в один из порталов.
[19:14:13] [Server thread/INFO]: [?] Вы подключились к лобби. Выберите сервер для начала игры. И пройдите в один из порталов.
[19:14:28] [Server thread/INFO]: [?] Вы подключились к лобби. Выберите сервер для начала игры. И пройдите в один из порталов.
[19:14:43] [Server thread/INFO]: [?] Вы подключились к лобби. Выберите сервер для начала игры. И пройдите в один из порталов.
[19:14:58] [Server thread/INFO]: [?] Вы подключились к лобби. Выберите сервер для начала игры. И пройдите в один из порталов.
[19:15:13] [Server thread/INFO]: [?] Вы подключились к лобби. Выберите сервер для начала игры. И пройдите в один из порталов.
[19:15:28] [Server thread/INFO]: [?] Вы подключились к лобби. Выберите сервер для начала игры. И пройдите в один из порталов.
[19:15:43] [Server thread/INFO]: [?] Вы подключились к лобби. Выберите сервер для начала игры. И пройдите в один из порталов.
[19:15:58] [Server thread/INFO]: [?] Вы подключились к лобби. Выберите сервер для начала игры. И пройдите в один из порталов.
[19:16:13] [Server thread/INFO]: [?] Вы подключились к лобби. Выберите сервер для начала игры. И пройдите в один из порталов.
[19:16:28] [Server thread/INFO]: [?] Вы подключились к лобби. Выберите сервер для начала игры. И пройдите в один из порталов.
[19:16:43] [Server thread/INFO]: [?] Вы подключились к лобби. Выберите сервер для начала игры. И пройдите в один из порталов.
[19:16:58] [Server thread/INFO]: [?] Вы подключились к лобби. Выберите сервер для начала игры. И пройдите в один из порталов.
[19:17:13] [Server thread/INFO]: [?] Вы подключились к лобби. Выберите сервер для начала игры. И пройдите в один из порталов.
[19:17:28] [Server thread/INFO]: [?] Вы подключились к лобби. Выберите сервер для начала игры. И пройдите в один из порталов.
[19:17:43] [Server thread/INFO]: [?] Вы подключились к лобби. Выберите сервер для начала игры. И пройдите в один из порталов.
[19:17:58] [Server thread/INFO]: [?] Вы подключились к лобби. Выберите сервер для начала игры. И пройдите в один из порталов.
[19:18:13] [Server thread/INFO]: [?] Вы подключились к лобби. Выберите сервер для начала игры. И пройдите в один из порталов.
[19:18:28] [Server thread/INFO]: [?] Вы подключились к лобби. Выберите сервер для начала игры. И пройдите в один из порталов.
[19:18:43] [Server thread/INFO]: [?] Вы подключились к лобби. Выберите сервер для начала игры. И пройдите в один из порталов.
[19:18:58] [Server thread/INFO]: [?] Вы подключились к лобби. Выберите сервер для начала игры. И пройдите в один из порталов.
[19:19:13] [Server thread/INFO]: [?] Вы подключились к лобби. Выберите сервер для начала игры. И пройдите в один из порталов.
[19:19:28] [Server thread/INFO]: [?] Вы подключились к лобби. Выберите сервер для начала игры. И пройдите в один из порталов.
[19:19:43] [Server thread/INFO]: [?] Вы подключились к лобби. Выберите сервер для начала игры. И пройдите в один из порталов.
[19:19:58] [Server thread/INFO]: [?] Вы подключились к лобби. Выберите сервер для начала игры. И пройдите в один из порталов.
[19:20:13] [Server thread/INFO]: [?] Вы подключились к лобби. Выберите сервер для начала игры. И пройдите в один из порталов.
[19:20:28] [Server thread/INFO]: [?] Вы подключились к лобби. Выберите сервер для начала игры. И пройдите в один из порталов.
[19:20:43] [Server thread/INFO]: [?] Вы подключились к лобби. Выберите сервер для начала игры. И пройдите в один из порталов.
[19:20:58] [Server thread/INFO]: [?] Вы подключились к лобби. Выберите сервер для начала игры. И пройдите в один из порталов.
[19:21:13] [Server thread/INFO]: [?] Вы подключились к лобби. Выберите сервер для начала игры. И пройдите в один из порталов.
[19:21:28] [Server thread/INFO]: [?] Вы подключились к лобби. Выберите сервер для начала игры. И пройдите в один из порталов.
[19:21:43] [Server thread/INFO]: [?] Вы подключились к лобби. Выберите сервер для начала игры. И пройдите в один из порталов.
[19:21:58] [Server thread/INFO]: [?] Вы подключились к лобби. Выберите сервер для начала игры. И пройдите в один из порталов.
[19:22:13] [Server thread/INFO]: [?] Вы подключились к лобби. Выберите сервер для начала игры. И пройдите в один из порталов.
[19:22:28] [Server thread/INFO]: [?] Вы подключились к лобби. Выберите сервер для начала игры. И пройдите в один из порталов.
[19:22:43] [Server thread/INFO]: [?] Вы подключились к лобби. Выберите сервер для начала игры. И пройдите в один из порталов.
[19:22:58] [Server thread/INFO]: [?] Вы подключились к лобби. Выберите сервер для начала игры. И пройдите в один из порталов.
